<?xml version="1.0" encoding="UTF-8"?>
<testsuite xmlns:xsi="http://www.w3.org/2001/XMLSchema-instance" xsi:noNamespaceSchemaLocation="https://maven.apache.org/surefire/maven-surefire-plugin/xsd/surefire-test-report.xsd" name="edu.ajay.coading.approach.normal.WordTest" time="0.048" tests="12" errors="0" skipped="0" failures="0">
  <properties>
[...]
</properties>
  <testcase name="testCountOccurrencesOfACertainCharacter" classname="edu.ajay.coading.approach.normal.WordTest" time="0.003"/>
  <testcase name="testContainsOnlyDigitsUsingMatchesFalse" classname="edu.ajay.coading.approach.normal.WordTest" time="0"/>
  <testcase name="testRemoveWhiteSpaces" classname="edu.ajay.coading.approach.normal.WordTest" time="0"/>
  <testcase name="testContainsOnlyDigitsFalse" classname="edu.ajay.coading.approach.normal.WordTest" time="0"/>
  <testcase name="testPermuteAndPrintWithFourLetters" classname="edu.ajay.coading.approach.normal.WordTest" time="0.002"/>
  <testcase name="testPermuteAndStore" classname="edu.ajay.coading.approach.normal.WordTest" time="0"/>
  <testcase name="testCountOccurrencesOfACertainCharacterUsingCounter" classname="edu.ajay.coading.approach.normal.WordTest" time="0"/>
  <testcase name="testContainsOnlyDigitsUsingMatches" classname="edu.ajay.coading.approach.normal.WordTest" time="0"/>
  <testcase name="testPermuteAndPrintWithThreeLetters" classname="edu.ajay.coading.approach.normal.WordTest" time="0"/>
  <testcase name="testReverseWord" classname="edu.ajay.coading.approach.normal.WordTest" time="0"/>
  <testcase name="testContainsOnlyDigits" classname="edu.ajay.coading.approach.normal.WordTest" time="0"/>
  <testcase name="testJoinByDelimiter" classname="edu.ajay.coading.approach.normal.WordTest" time="0"/>
</testsuite>